2025-12-27 19:51:41 - autoshield.detector.inference - INFO - Model loaded: optimized with config {'input_features': 12, 'sequence_length': 20, 'num_classes': 4, 'hidden_size': 32, 'dropout_rate': 0.2, 'use_batch_norm': True}
2025-12-27 19:51:41 - autoshield.detector.inference - INFO - Warming up model...
2025-12-27 19:51:44 - autoshield.detector.inference - INFO - Warmup complete. Initial latency: 25.39ms
2025-12-27 19:51:44 - autoshield.detector.inference - INFO - Inference service initialized on cpu
2025-12-27 19:51:44 - autoshield.detector.inference - INFO - Model loaded from: C:\Users\HP\OneDrive\Documents\autoshield-k8s\data\models\optimized\20251227_135238\final_model.pth
2025-12-27 19:51:45 - autoshield.detector.inference - INFO - Model loaded: optimized with config {'input_features': 12, 'sequence_length': 20, 'num_classes': 4, 'hidden_size': 32, 'dropout_rate': 0.2, 'use_batch_norm': True}
2025-12-27 19:51:45 - autoshield.detector.inference - INFO - Warming up model...
2025-12-27 19:51:47 - autoshield.detector.inference - INFO - Warmup complete. Initial latency: 19.93ms
2025-12-27 19:51:47 - autoshield.detector.inference - INFO - Inference service initialized on cpu
2025-12-27 19:51:47 - autoshield.detector.inference - INFO - Model loaded from: C:\Users\HP\OneDrive\Documents\autoshield-k8s\data\models\optimized\20251227_135238\final_model.pth
2025-12-27 19:51:47 - autoshield.detector.inference - INFO - Model loaded: optimized with config {'input_features': 12, 'sequence_length': 20, 'num_classes': 4, 'hidden_size': 32, 'dropout_rate': 0.2, 'use_batch_norm': True}
2025-12-27 19:51:47 - autoshield.detector.inference - INFO - Warming up model...
2025-12-27 19:51:48 - autoshield.detector.inference - INFO - Warmup complete. Initial latency: 9.76ms
2025-12-27 19:51:48 - autoshield.detector.inference - INFO - Inference service initialized on cpu
2025-12-27 19:51:48 - autoshield.detector.inference - INFO - Model loaded from: C:\Users\HP\OneDrive\Documents\autoshield-k8s\data\models\optimized\20251227_135238\final_model.pth
2025-12-27 19:51:48 - autoshield.detector.inference - INFO - Batch inference: 5 windows in 36.49ms (avg 7.30ms/window)
2025-12-27 19:51:49 - autoshield.detector.inference - INFO - Model loaded: optimized with config {'input_features': 12, 'sequence_length': 20, 'num_classes': 4, 'hidden_size': 32, 'dropout_rate': 0.2, 'use_batch_norm': True}
2025-12-27 19:51:49 - autoshield.detector.inference - INFO - Warming up model...
2025-12-27 19:51:49 - autoshield.detector.inference - INFO - Warmup complete. Initial latency: 8.71ms
2025-12-27 19:51:49 - autoshield.detector.inference - INFO - Inference service initialized on cpu
2025-12-27 19:51:49 - autoshield.detector.inference - INFO - Model loaded from: C:\Users\HP\OneDrive\Documents\autoshield-k8s\data\models\optimized\20251227_135238\final_model.pth
2025-12-27 19:51:52 - autoshield.detector.inference - INFO - Model loaded: optimized with config {'input_features': 12, 'sequence_length': 20, 'num_classes': 4, 'hidden_size': 32, 'dropout_rate': 0.2, 'use_batch_norm': True}
2025-12-27 19:51:52 - autoshield.detector.inference - INFO - Warming up model...
2025-12-27 19:51:53 - autoshield.detector.inference - INFO - Warmup complete. Initial latency: 10.71ms
2025-12-27 19:51:53 - autoshield.detector.inference - INFO - Inference service initialized on cpu
2025-12-27 19:51:53 - autoshield.detector.inference - INFO - Model loaded from: C:\Users\HP\OneDrive\Documents\autoshield-k8s\data\models\optimized\20251227_135238\final_model.pth
