2025-12-27 19:37:23 - autoshield.detector.inference - INFO - Model loaded: optimized with config {'input_features': 12, 'sequence_length': 20, 'num_classes': 4, 'hidden_size': 32, 'dropout_rate': 0.2, 'use_batch_norm': True}
2025-12-27 19:37:23 - autoshield.detector.inference - INFO - Warming up model...
2025-12-27 19:37:24 - autoshield.detector.inference - INFO - Warmup complete. Initial latency: 6.29ms
2025-12-27 19:37:24 - autoshield.detector.inference - INFO - Inference service initialized on cpu
2025-12-27 19:37:24 - autoshield.detector.inference - INFO - Model loaded from: C:\Users\HP\OneDrive\Documents\autoshield-k8s\data\models\optimized\20251227_135238\final_model.pth
2025-12-27 19:37:24 - autoshield.detector.inference - INFO - Model loaded: optimized with config {'input_features': 12, 'sequence_length': 20, 'num_classes': 4, 'hidden_size': 32, 'dropout_rate': 0.2, 'use_batch_norm': True}
2025-12-27 19:37:24 - autoshield.detector.inference - INFO - Warming up model...
2025-12-27 19:37:25 - autoshield.detector.inference - INFO - Warmup complete. Initial latency: 6.80ms
2025-12-27 19:37:25 - autoshield.detector.inference - INFO - Inference service initialized on cpu
2025-12-27 19:37:25 - autoshield.detector.inference - INFO - Model loaded from: C:\Users\HP\OneDrive\Documents\autoshield-k8s\data\models\optimized\20251227_135238\final_model.pth
2025-12-27 19:37:25 - autoshield.detector.inference - INFO - Model loaded: optimized with config {'input_features': 12, 'sequence_length': 20, 'num_classes': 4, 'hidden_size': 32, 'dropout_rate': 0.2, 'use_batch_norm': True}
2025-12-27 19:37:25 - autoshield.detector.inference - INFO - Warming up model...
2025-12-27 19:37:26 - autoshield.detector.inference - INFO - Warmup complete. Initial latency: 7.06ms
2025-12-27 19:37:26 - autoshield.detector.inference - INFO - Inference service initialized on cpu
2025-12-27 19:37:26 - autoshield.detector.inference - INFO - Model loaded from: C:\Users\HP\OneDrive\Documents\autoshield-k8s\data\models\optimized\20251227_135238\final_model.pth
2025-12-27 19:37:26 - autoshield.detector.inference - INFO - Batch inference: 5 windows in 28.52ms (avg 5.70ms/window)
2025-12-27 19:37:26 - autoshield.detector.inference - INFO - Model loaded: optimized with config {'input_features': 12, 'sequence_length': 20, 'num_classes': 4, 'hidden_size': 32, 'dropout_rate': 0.2, 'use_batch_norm': True}
2025-12-27 19:37:26 - autoshield.detector.inference - INFO - Warming up model...
2025-12-27 19:37:27 - autoshield.detector.inference - INFO - Warmup complete. Initial latency: 6.11ms
2025-12-27 19:37:27 - autoshield.detector.inference - INFO - Inference service initialized on cpu
2025-12-27 19:37:27 - autoshield.detector.inference - INFO - Model loaded from: C:\Users\HP\OneDrive\Documents\autoshield-k8s\data\models\optimized\20251227_135238\final_model.pth
2025-12-27 19:37:28 - autoshield.detector.inference - INFO - Model loaded: optimized with config {'input_features': 12, 'sequence_length': 20, 'num_classes': 4, 'hidden_size': 32, 'dropout_rate': 0.2, 'use_batch_norm': True}
2025-12-27 19:37:28 - autoshield.detector.inference - INFO - Warming up model...
2025-12-27 19:37:28 - autoshield.detector.inference - INFO - Warmup complete. Initial latency: 5.19ms
2025-12-27 19:37:28 - autoshield.detector.inference - INFO - Inference service initialized on cpu
2025-12-27 19:37:28 - autoshield.detector.inference - INFO - Model loaded from: C:\Users\HP\OneDrive\Documents\autoshield-k8s\data\models\optimized\20251227_135238\final_model.pth
